[0.113s] DEBUG:colcon:Command line arguments: ['/usr/bin/colcon', 'build', '--cmake-args', '-DCMAKE_BUILD_TYPE=Release']
[0.113s] DEBUG:colcon:Parsed command line arguments: Namespace(log_base=None, log_level=None, verb_name='build', build_base='build', install_base='install', merge_install=False, symlink_install=False, test_result_base=None, continue_on_error=False, executor='parallel', parallel_workers=12, event_handlers=None, ignore_user_meta=False, metas=['./colcon.meta'], base_paths=['.'], packages_ignore=None, packages_ignore_regex=None, paths=None, packages_up_to=None, packages_up_to_regex=None, packages_above=None, packages_above_and_dependencies=None, packages_above_depth=None, packages_select_by_dep=None, packages_skip_by_dep=None, packages_skip_up_to=None, packages_select_build_failed=False, packages_skip_build_finished=False, packages_select_test_failures=False, packages_skip_test_passed=False, packages_select=None, packages_skip=None, packages_select_regex=None, packages_skip_regex=None, packages_start=None, packages_end=None, allow_overriding=[], cmake_args=['-DCMAKE_BUILD_TYPE=Release'], cmake_target=None, cmake_target_skip_unavailable=False, cmake_clean_cache=False, cmake_clean_first=False, cmake_force_configure=False, ament_cmake_args=None, catkin_cmake_args=None, catkin_skip_building_tests=False, mixin_files=None, mixin=None, verb_parser=<colcon_mixin.mixin.mixin_argument.MixinArgumentDecorator object at 0x707a42ac8e90>, verb_extension=<colcon_core.verb.build.BuildVerb object at 0x707a42ac8b00>, main=<bound method BuildVerb.main of <colcon_core.verb.build.BuildVerb object at 0x707a42ac8b00>>, mixin_verb=('build',))
[0.151s] Level 1:colcon.colcon_core.package_discovery:discover_packages(colcon_meta) check parameters
[0.151s] Level 1:colcon.colcon_core.package_discovery:discover_packages(recursive) check parameters
[0.151s] Level 1:colcon.colcon_core.package_discovery:discover_packages(ignore) check parameters
[0.151s] Level 1:colcon.colcon_core.package_discovery:discover_packages(path) check parameters
[0.151s] Level 1:colcon.colcon_core.package_discovery:discover_packages(colcon_meta) discover
[0.151s] Level 1:colcon.colcon_core.package_discovery:discover_packages(recursive) discover
[0.151s] INFO:colcon.colcon_core.package_discovery:Crawling recursively for packages in '/home/eyi3/ros2_ws/src/shutter_lineup'
[0.151s] Level 1:colcon.colcon_core.package_identification:_identify(.) by extensions ['ignore', 'ignore_ament_install']
[0.151s] Level 1:colcon.colcon_core.package_identification:_identify(.) by extension 'ignore'
[0.151s] Level 1:colcon.colcon_core.package_identification:_identify(.) by extension 'ignore_ament_install'
[0.152s] Level 1:colcon.colcon_core.package_identification:_identify(.) by extensions ['colcon_pkg']
[0.152s] Level 1:colcon.colcon_core.package_identification:_identify(.) by extension 'colcon_pkg'
[0.152s] Level 1:colcon.colcon_core.package_identification:_identify(.) by extensions ['colcon_meta']
[0.152s] Level 1:colcon.colcon_core.package_identification:_identify(.) by extension 'colcon_meta'
[0.152s] Level 1:colcon.colcon_core.package_identification:_identify(.) by extensions ['ros']
[0.152s] Level 1:colcon.colcon_core.package_identification:_identify(.) by extension 'ros'
[0.179s] DEBUG:colcon.colcon_core.package_identification:Package '.' with type 'ros.ament_python' and name 'shutter_lineup'
[0.179s] Level 1:colcon.colcon_core.package_discovery:discover_packages(recursive) using defaults
[0.179s] Level 1:colcon.colcon_core.package_discovery:discover_packages(ignore) discover
[0.179s] Level 1:colcon.colcon_core.package_discovery:discover_packages(ignore) using defaults
[0.179s] Level 1:colcon.colcon_core.package_discovery:discover_packages(path) discover
[0.179s] Level 1:colcon.colcon_core.package_discovery:discover_packages(path) using defaults
[0.196s] Level 1:colcon.colcon_core.package_discovery:discover_packages(prefix_path) check parameters
[0.196s] Level 1:colcon.colcon_core.package_discovery:discover_packages(prefix_path) discover
[0.199s] DEBUG:colcon.colcon_installed_package_information.package_discovery:Found 8 installed packages in /home/eyi3/ros2_ws/install
[0.200s] DEBUG:colcon.colcon_installed_package_information.package_discovery:Found 359 installed packages in /opt/ros/jazzy
[0.202s] Level 1:colcon.colcon_core.package_discovery:discover_packages(prefix_path) using defaults
[0.257s] Level 5:colcon.colcon_core.verb:set package 'shutter_lineup' build argument 'cmake_args' from command line to '['-DCMAKE_BUILD_TYPE=Release']'
[0.257s] Level 5:colcon.colcon_core.verb:set package 'shutter_lineup' build argument 'cmake_target' from command line to 'None'
[0.257s] Level 5:colcon.colcon_core.verb:set package 'shutter_lineup' build argument 'cmake_target_skip_unavailable' from command line to 'False'
[0.257s] Level 5:colcon.colcon_core.verb:set package 'shutter_lineup' build argument 'cmake_clean_cache' from command line to 'False'
[0.257s] Level 5:colcon.colcon_core.verb:set package 'shutter_lineup' build argument 'cmake_clean_first' from command line to 'False'
[0.257s] Level 5:colcon.colcon_core.verb:set package 'shutter_lineup' build argument 'cmake_force_configure' from command line to 'False'
[0.257s] Level 5:colcon.colcon_core.verb:set package 'shutter_lineup' build argument 'ament_cmake_args' from command line to 'None'
[0.257s] Level 5:colcon.colcon_core.verb:set package 'shutter_lineup' build argument 'catkin_cmake_args' from command line to 'None'
[0.257s] Level 5:colcon.colcon_core.verb:set package 'shutter_lineup' build argument 'catkin_skip_building_tests' from command line to 'False'
[0.257s] DEBUG:colcon.colcon_core.verb:Building package 'shutter_lineup' with the following arguments: {'ament_cmake_args': None, 'build_base': '/home/eyi3/ros2_ws/src/shutter_lineup/build/shutter_lineup', 'catkin_cmake_args': None, 'catkin_skip_building_tests': False, 'cmake_args': ['-DCMAKE_BUILD_TYPE=Release'], 'cmake_clean_cache': False, 'cmake_clean_first': False, 'cmake_force_configure': False, 'cmake_target': None, 'cmake_target_skip_unavailable': False, 'install_base': '/home/eyi3/ros2_ws/src/shutter_lineup/install/shutter_lineup', 'merge_install': False, 'path': '/home/eyi3/ros2_ws/src/shutter_lineup', 'symlink_install': False, 'test_result_base': None}
[0.257s] INFO:colcon.colcon_core.executor:Executing jobs using 'parallel' executor
[0.258s] DEBUG:colcon.colcon_parallel_executor.executor.parallel:run_until_complete
[0.258s] INFO:colcon.colcon_ros.task.ament_python.build:Building ROS package in '/home/eyi3/ros2_ws/src/shutter_lineup' with build type 'ament_python'
[0.258s] Level 1:colcon.colcon_core.shell:create_environment_hook('shutter_lineup', 'ament_prefix_path')
[0.260s] INFO:colcon.colcon_core.plugin_system:Skipping extension 'colcon_core.shell.bat': Not used on non-Windows systems
[0.260s] INFO:colcon.colcon_core.shell:Creating environment hook '/home/eyi3/ros2_ws/src/shutter_lineup/install/shutter_lineup/share/shutter_lineup/hook/ament_prefix_path.ps1'
[0.261s] INFO:colcon.colcon_core.shell:Creating environment descriptor '/home/eyi3/ros2_ws/src/shutter_lineup/install/shutter_lineup/share/shutter_lineup/hook/ament_prefix_path.dsv'
[0.261s] INFO:colcon.colcon_core.shell:Creating environment hook '/home/eyi3/ros2_ws/src/shutter_lineup/install/shutter_lineup/share/shutter_lineup/hook/ament_prefix_path.sh'
[0.262s] INFO:colcon.colcon_core.shell:Skip shell extension 'powershell' for command environment: Not usable outside of PowerShell
[0.262s] DEBUG:colcon.colcon_core.shell:Skip shell extension 'dsv' for command environment
[0.527s] INFO:colcon.colcon_core.task.python.build:Building Python package in '/home/eyi3/ros2_ws/src/shutter_lineup'
[0.527s] INFO:colcon.colcon_core.shell:Skip shell extension 'powershell' for command environment: Not usable outside of PowerShell
[0.527s] DEBUG:colcon.colcon_core.shell:Skip shell extension 'dsv' for command environment
[1.203s] DEBUG:colcon.colcon_core.event_handler.log_command:Invoking command in '/home/eyi3/ros2_ws/src/shutter_lineup': DEBUGINFOD_URLS=https://debuginfod.ubuntu.com PYTHONPATH=/home/eyi3/ros2_ws/src/shutter_lineup/build/shutter_lineup/prefix_override:/usr/lib/python3/dist-packages/colcon_core/task/python/colcon_distutils_commands:/home/eyi3/ros2_ws/src/shutter_lineup/install/shutter_lineup/lib/python3.12/site-packages:${PYTHONPATH} VIRTUAL_ENV_PROMPT=(.venv) /usr/bin/python3 -W ignore:setup.py install is deprecated -W ignore:easy_install command is deprecated setup.py egg_info --egg-base build/shutter_lineup build --build-base /home/eyi3/ros2_ws/src/shutter_lineup/build/shutter_lineup/build install --record /home/eyi3/ros2_ws/src/shutter_lineup/build/shutter_lineup/install.log --single-version-externally-managed install_data
[1.840s] DEBUG:colcon.colcon_core.event_handler.log_command:Invoked command in '/home/eyi3/ros2_ws/src/shutter_lineup' returned '0': DEBUGINFOD_URLS=https://debuginfod.ubuntu.com PYTHONPATH=/home/eyi3/ros2_ws/src/shutter_lineup/build/shutter_lineup/prefix_override:/usr/lib/python3/dist-packages/colcon_core/task/python/colcon_distutils_commands:/home/eyi3/ros2_ws/src/shutter_lineup/install/shutter_lineup/lib/python3.12/site-packages:${PYTHONPATH} VIRTUAL_ENV_PROMPT=(.venv) /usr/bin/python3 -W ignore:setup.py install is deprecated -W ignore:easy_install command is deprecated setup.py egg_info --egg-base build/shutter_lineup build --build-base /home/eyi3/ros2_ws/src/shutter_lineup/build/shutter_lineup/build install --record /home/eyi3/ros2_ws/src/shutter_lineup/build/shutter_lineup/install.log --single-version-externally-managed install_data
[1.843s] Level 1:colcon.colcon_core.environment:checking '/home/eyi3/ros2_ws/src/shutter_lineup/install/shutter_lineup' for CMake module files
[1.843s] Level 1:colcon.colcon_core.environment:checking '/home/eyi3/ros2_ws/src/shutter_lineup/install/shutter_lineup' for CMake config files
[1.844s] Level 1:colcon.colcon_core.environment:checking '/home/eyi3/ros2_ws/src/shutter_lineup/install/shutter_lineup/lib'
[1.844s] Level 1:colcon.colcon_core.environment:checking '/home/eyi3/ros2_ws/src/shutter_lineup/install/shutter_lineup/bin'
[1.844s] Level 1:colcon.colcon_core.environment:checking '/home/eyi3/ros2_ws/src/shutter_lineup/install/shutter_lineup/lib/pkgconfig/shutter_lineup.pc'
[1.844s] Level 1:colcon.colcon_core.environment:checking '/home/eyi3/ros2_ws/src/shutter_lineup/install/shutter_lineup/lib/python3.12/site-packages'
[1.845s] Level 1:colcon.colcon_core.shell:create_environment_hook('shutter_lineup', 'pythonpath')
[1.845s] INFO:colcon.colcon_core.shell:Creating environment hook '/home/eyi3/ros2_ws/src/shutter_lineup/install/shutter_lineup/share/shutter_lineup/hook/pythonpath.ps1'
[1.845s] INFO:colcon.colcon_core.shell:Creating environment descriptor '/home/eyi3/ros2_ws/src/shutter_lineup/install/shutter_lineup/share/shutter_lineup/hook/pythonpath.dsv'
[1.845s] INFO:colcon.colcon_core.shell:Creating environment hook '/home/eyi3/ros2_ws/src/shutter_lineup/install/shutter_lineup/share/shutter_lineup/hook/pythonpath.sh'
[1.846s] Level 1:colcon.colcon_core.environment:checking '/home/eyi3/ros2_ws/src/shutter_lineup/install/shutter_lineup/bin'
[1.846s] Level 1:colcon.colcon_core.environment:create_environment_scripts_only(shutter_lineup)
[1.846s] INFO:colcon.colcon_core.shell:Creating package script '/home/eyi3/ros2_ws/src/shutter_lineup/install/shutter_lineup/share/shutter_lineup/package.ps1'
[1.847s] INFO:colcon.colcon_core.shell:Creating package descriptor '/home/eyi3/ros2_ws/src/shutter_lineup/install/shutter_lineup/share/shutter_lineup/package.dsv'
[1.847s] INFO:colcon.colcon_core.shell:Creating package script '/home/eyi3/ros2_ws/src/shutter_lineup/install/shutter_lineup/share/shutter_lineup/package.sh'
[1.848s] INFO:colcon.colcon_core.shell:Creating package script '/home/eyi3/ros2_ws/src/shutter_lineup/install/shutter_lineup/share/shutter_lineup/package.bash'
[1.848s] INFO:colcon.colcon_core.shell:Creating package script '/home/eyi3/ros2_ws/src/shutter_lineup/install/shutter_lineup/share/shutter_lineup/package.zsh'
[1.849s] Level 1:colcon.colcon_core.environment:create_file_with_runtime_dependencies(/home/eyi3/ros2_ws/src/shutter_lineup/install/shutter_lineup/share/colcon-core/packages/shutter_lineup)
[1.850s] DEBUG:colcon.colcon_parallel_executor.executor.parallel:closing loop
[1.850s] DEBUG:colcon.colcon_parallel_executor.executor.parallel:loop closed
[1.850s] DEBUG:colcon.colcon_parallel_executor.executor.parallel:run_until_complete finished with '0'
[1.850s] DEBUG:colcon.colcon_core.event_reactor:joining thread
[1.856s] INFO:colcon.colcon_core.plugin_system:Skipping extension 'colcon_notification.desktop_notification.terminal_notifier': Not used on non-Darwin systems
[1.856s] INFO:colcon.colcon_core.plugin_system:Skipping extension 'colcon_notification.desktop_notification.win32': Not used on non-Windows systems
[1.856s] INFO:colcon.colcon_notification.desktop_notification:Sending desktop notification using 'notify2'
[1.868s] DEBUG:colcon.colcon_core.event_reactor:joined thread
[1.869s] INFO:colcon.colcon_core.shell:Creating prefix script '/home/eyi3/ros2_ws/src/shutter_lineup/install/local_setup.ps1'
[1.870s] INFO:colcon.colcon_core.shell:Creating prefix util module '/home/eyi3/ros2_ws/src/shutter_lineup/install/_local_setup_util_ps1.py'
[1.873s] INFO:colcon.colcon_core.shell:Creating prefix chain script '/home/eyi3/ros2_ws/src/shutter_lineup/install/setup.ps1'
[1.874s] INFO:colcon.colcon_core.shell:Creating prefix script '/home/eyi3/ros2_ws/src/shutter_lineup/install/local_setup.sh'
[1.875s] INFO:colcon.colcon_core.shell:Creating prefix util module '/home/eyi3/ros2_ws/src/shutter_lineup/install/_local_setup_util_sh.py'
[1.875s] INFO:colcon.colcon_core.shell:Creating prefix chain script '/home/eyi3/ros2_ws/src/shutter_lineup/install/setup.sh'
[1.877s] INFO:colcon.colcon_core.shell:Creating prefix script '/home/eyi3/ros2_ws/src/shutter_lineup/install/local_setup.bash'
[1.877s] INFO:colcon.colcon_core.shell:Creating prefix chain script '/home/eyi3/ros2_ws/src/shutter_lineup/install/setup.bash'
[1.879s] INFO:colcon.colcon_core.shell:Creating prefix script '/home/eyi3/ros2_ws/src/shutter_lineup/install/local_setup.zsh'
[1.880s] INFO:colcon.colcon_core.shell:Creating prefix chain script '/home/eyi3/ros2_ws/src/shutter_lineup/install/setup.zsh'
