[1.154s] Invoking command in '/home/eyi3/ros2_ws/src/shutter_lineup': DEBUGINFOD_URLS=https://debuginfod.ubuntu.com PS1=\[\e]0;\u@\h: \w\a\]${debian_chroot:+($debian_chroot)}\[\033[01;32m\]\u@\h\[\033[00m\]:\[\033[01;34m\]\w\[\033[00m\]\$ PYTHONPATH=/home/eyi3/ros2_ws/src/shutter_lineup/build/shutter_lineup/prefix_override:/usr/lib/python3/dist-packages/colcon_core/task/python/colcon_distutils_commands:/home/eyi3/ros2_ws/src/shutter_lineup/install/shutter_lineup/lib/python3.12/site-packages:${PYTHONPATH} VIRTUAL_ENV_PROMPT=(.venv) /usr/bin/python3 -W ignore:setup.py install is deprecated -W ignore:easy_install command is deprecated setup.py egg_info --egg-base build/shutter_lineup build --build-base /home/eyi3/ros2_ws/src/shutter_lineup/build/shutter_lineup/build install --record /home/eyi3/ros2_ws/src/shutter_lineup/build/shutter_lineup/install.log --single-version-externally-managed install_data
[1.476s] running egg_info
[1.500s] writing build/shutter_lineup/shutter_lineup.egg-info/PKG-INFO
[1.500s] writing dependency_links to build/shutter_lineup/shutter_lineup.egg-info/dependency_links.txt
[1.501s] writing entry points to build/shutter_lineup/shutter_lineup.egg-info/entry_points.txt
[1.501s] writing requirements to build/shutter_lineup/shutter_lineup.egg-info/requires.txt
[1.501s] writing top-level names to build/shutter_lineup/shutter_lineup.egg-info/top_level.txt
[1.553s] reading manifest file 'build/shutter_lineup/shutter_lineup.egg-info/SOURCES.txt'
[1.554s] writing manifest file 'build/shutter_lineup/shutter_lineup.egg-info/SOURCES.txt'
[1.554s] running build
[1.554s] running build_py
[1.554s] running install
[1.561s] running install_lib
[1.586s] running install_data
[1.586s] running install_egg_info
[1.613s] removing '/home/eyi3/ros2_ws/src/shutter_lineup/install/shutter_lineup/lib/python3.12/site-packages/shutter_lineup-0.0.0-py3.12.egg-info' (and everything under it)
[1.614s] Copying build/shutter_lineup/shutter_lineup.egg-info to /home/eyi3/ros2_ws/src/shutter_lineup/install/shutter_lineup/lib/python3.12/site-packages/shutter_lineup-0.0.0-py3.12.egg-info
[1.616s] running install_scripts
[1.791s] Installing lineup_node script to /home/eyi3/ros2_ws/src/shutter_lineup/install/shutter_lineup/lib/shutter_lineup
[1.791s] Installing virtual_camera script to /home/eyi3/ros2_ws/src/shutter_lineup/install/shutter_lineup/lib/shutter_lineup
[1.791s] writing list of installed files to '/home/eyi3/ros2_ws/src/shutter_lineup/build/shutter_lineup/install.log'
[1.816s] Invoked command in '/home/eyi3/ros2_ws/src/shutter_lineup' returned '0': DEBUGINFOD_URLS=https://debuginfod.ubuntu.com PS1=\[\e]0;\u@\h: \w\a\]${debian_chroot:+($debian_chroot)}\[\033[01;32m\]\u@\h\[\033[00m\]:\[\033[01;34m\]\w\[\033[00m\]\$ PYTHONPATH=/home/eyi3/ros2_ws/src/shutter_lineup/build/shutter_lineup/prefix_override:/usr/lib/python3/dist-packages/colcon_core/task/python/colcon_distutils_commands:/home/eyi3/ros2_ws/src/shutter_lineup/install/shutter_lineup/lib/python3.12/site-packages:${PYTHONPATH} VIRTUAL_ENV_PROMPT=(.venv) /usr/bin/python3 -W ignore:setup.py install is deprecated -W ignore:easy_install command is deprecated setup.py egg_info --egg-base build/shutter_lineup build --build-base /home/eyi3/ros2_ws/src/shutter_lineup/build/shutter_lineup/build install --record /home/eyi3/ros2_ws/src/shutter_lineup/build/shutter_lineup/install.log --single-version-externally-managed install_data
