running egg_info
creating build/shutter_lineup/shutter_lineup.egg-info
writing build/shutter_lineup/shutter_lineup.egg-info/PKG-INFO
writing dependency_links to build/shutter_lineup/shutter_lineup.egg-info/dependency_links.txt
writing entry points to build/shutter_lineup/shutter_lineup.egg-info/entry_points.txt
writing requirements to build/shutter_lineup/shutter_lineup.egg-info/requires.txt
writing top-level names to build/shutter_lineup/shutter_lineup.egg-info/top_level.txt
writing manifest file 'build/shutter_lineup/shutter_lineup.egg-info/SOURCES.txt'
reading manifest file 'build/shutter_lineup/shutter_lineup.egg-info/SOURCES.txt'
writing manifest file 'build/shutter_lineup/shutter_lineup.egg-info/SOURCES.txt'
running build
running build_py
creating /home/eyi3/ros2_ws/src/shutter_lineup/build/shutter_lineup/build
creating /home/eyi3/ros2_ws/src/shutter_lineup/build/shutter_lineup/build/lib
creating /home/eyi3/ros2_ws/src/shutter_lineup/build/shutter_lineup/build/lib/shutter_lineup
copying shutter_lineup/shutter_lineup_node.py -> /home/eyi3/ros2_ws/src/shutter_lineup/build/shutter_lineup/build/lib/shutter_lineup
copying shutter_lineup/__init__.py -> /home/eyi3/ros2_ws/src/shutter_lineup/build/shutter_lineup/build/lib/shutter_lineup
running install
running install_lib
creating /home/eyi3/ros2_ws/src/shutter_lineup/install/shutter_lineup/lib/python3.12/site-packages/shutter_lineup
copying /home/eyi3/ros2_ws/src/shutter_lineup/build/shutter_lineup/build/lib/shutter_lineup/shutter_lineup_node.py -> /home/eyi3/ros2_ws/src/shutter_lineup/install/shutter_lineup/lib/python3.12/site-packages/shutter_lineup
copying /home/eyi3/ros2_ws/src/shutter_lineup/build/shutter_lineup/build/lib/shutter_lineup/__init__.py -> /home/eyi3/ros2_ws/src/shutter_lineup/install/shutter_lineup/lib/python3.12/site-packages/shutter_lineup
byte-compiling /home/eyi3/ros2_ws/src/shutter_lineup/install/shutter_lineup/lib/python3.12/site-packages/shutter_lineup/shutter_lineup_node.py to shutter_lineup_node.cpython-312.pyc
byte-compiling /home/eyi3/ros2_ws/src/shutter_lineup/install/shutter_lineup/lib/python3.12/site-packages/shutter_lineup/__init__.py to __init__.cpython-312.pyc
running install_data
creating /home/eyi3/ros2_ws/src/shutter_lineup/install/shutter_lineup/share/ament_index
creating /home/eyi3/ros2_ws/src/shutter_lineup/install/shutter_lineup/share/ament_index/resource_index
creating /home/eyi3/ros2_ws/src/shutter_lineup/install/shutter_lineup/share/ament_index/resource_index/packages
copying resource/shutter_lineup -> /home/eyi3/ros2_ws/src/shutter_lineup/install/shutter_lineup/share/ament_index/resource_index/packages
copying package.xml -> /home/eyi3/ros2_ws/src/shutter_lineup/install/shutter_lineup/share/shutter_lineup
running install_egg_info
Copying build/shutter_lineup/shutter_lineup.egg-info to /home/eyi3/ros2_ws/src/shutter_lineup/install/shutter_lineup/lib/python3.12/site-packages/shutter_lineup-0.0.0-py3.12.egg-info
running install_scripts
Installing lineup_node script to /home/eyi3/ros2_ws/src/shutter_lineup/install/shutter_lineup/lib/shutter_lineup
writing list of installed files to '/home/eyi3/ros2_ws/src/shutter_lineup/build/shutter_lineup/install.log'
