[1.348s] Invoking command in '/home/eyi3/ros2_ws/src/shutter_lineup': DEBUGINFOD_URLS=https://debuginfod.ubuntu.com PYTHONPATH=/home/eyi3/ros2_ws/src/shutter_lineup/build/shutter_lineup/prefix_override:/usr/lib/python3/dist-packages/colcon_core/task/python/colcon_distutils_commands:/home/eyi3/ros2_ws/src/shutter_lineup/install/shutter_lineup/lib/python3.12/site-packages:${PYTHONPATH} VIRTUAL_ENV_PROMPT=(.venv) /usr/bin/python3 -W ignore:setup.py install is deprecated -W ignore:easy_install command is deprecated setup.py egg_info --egg-base build/shutter_lineup build --build-base /home/eyi3/ros2_ws/src/shutter_lineup/build/shutter_lineup/build install --record /home/eyi3/ros2_ws/src/shutter_lineup/build/shutter_lineup/install.log --single-version-externally-managed install_data
[1.758s] running egg_info
[1.758s] creating build/shutter_lineup/shutter_lineup.egg-info
[1.802s] writing build/shutter_lineup/shutter_lineup.egg-info/PKG-INFO
[1.802s] writing dependency_links to build/shutter_lineup/shutter_lineup.egg-info/dependency_links.txt
[1.802s] writing entry points to build/shutter_lineup/shutter_lineup.egg-info/entry_points.txt
[1.802s] writing requirements to build/shutter_lineup/shutter_lineup.egg-info/requires.txt
[1.802s] writing top-level names to build/shutter_lineup/shutter_lineup.egg-info/top_level.txt
[1.803s] writing manifest file 'build/shutter_lineup/shutter_lineup.egg-info/SOURCES.txt'
[1.879s] reading manifest file 'build/shutter_lineup/shutter_lineup.egg-info/SOURCES.txt'
[1.880s] writing manifest file 'build/shutter_lineup/shutter_lineup.egg-info/SOURCES.txt'
[1.880s] running build
[1.880s] running build_py
[1.880s] creating /home/eyi3/ros2_ws/src/shutter_lineup/build/shutter_lineup/build
[1.881s] creating /home/eyi3/ros2_ws/src/shutter_lineup/build/shutter_lineup/build/lib
[1.881s] creating /home/eyi3/ros2_ws/src/shutter_lineup/build/shutter_lineup/build/lib/shutter_lineup
[1.881s] copying shutter_lineup/shutter_lineup_node.py -> /home/eyi3/ros2_ws/src/shutter_lineup/build/shutter_lineup/build/lib/shutter_lineup
[1.881s] copying shutter_lineup/__init__.py -> /home/eyi3/ros2_ws/src/shutter_lineup/build/shutter_lineup/build/lib/shutter_lineup
[1.881s] running install
[1.897s] running install_lib
[1.941s] creating /home/eyi3/ros2_ws/src/shutter_lineup/install/shutter_lineup/lib/python3.12/site-packages/shutter_lineup
[1.941s] copying /home/eyi3/ros2_ws/src/shutter_lineup/build/shutter_lineup/build/lib/shutter_lineup/shutter_lineup_node.py -> /home/eyi3/ros2_ws/src/shutter_lineup/install/shutter_lineup/lib/python3.12/site-packages/shutter_lineup
[1.941s] copying /home/eyi3/ros2_ws/src/shutter_lineup/build/shutter_lineup/build/lib/shutter_lineup/__init__.py -> /home/eyi3/ros2_ws/src/shutter_lineup/install/shutter_lineup/lib/python3.12/site-packages/shutter_lineup
[1.942s] byte-compiling /home/eyi3/ros2_ws/src/shutter_lineup/install/shutter_lineup/lib/python3.12/site-packages/shutter_lineup/shutter_lineup_node.py to shutter_lineup_node.cpython-312.pyc
[1.942s] byte-compiling /home/eyi3/ros2_ws/src/shutter_lineup/install/shutter_lineup/lib/python3.12/site-packages/shutter_lineup/__init__.py to __init__.cpython-312.pyc
[1.942s] running install_data
[1.943s] creating /home/eyi3/ros2_ws/src/shutter_lineup/install/shutter_lineup/share/ament_index
[1.943s] creating /home/eyi3/ros2_ws/src/shutter_lineup/install/shutter_lineup/share/ament_index/resource_index
[1.943s] creating /home/eyi3/ros2_ws/src/shutter_lineup/install/shutter_lineup/share/ament_index/resource_index/packages
[1.943s] copying resource/shutter_lineup -> /home/eyi3/ros2_ws/src/shutter_lineup/install/shutter_lineup/share/ament_index/resource_index/packages
[1.943s] copying package.xml -> /home/eyi3/ros2_ws/src/shutter_lineup/install/shutter_lineup/share/shutter_lineup
[1.943s] running install_egg_info
[1.984s] Copying build/shutter_lineup/shutter_lineup.egg-info to /home/eyi3/ros2_ws/src/shutter_lineup/install/shutter_lineup/lib/python3.12/site-packages/shutter_lineup-0.0.0-py3.12.egg-info
[1.985s] running install_scripts
[2.217s] Installing lineup_node script to /home/eyi3/ros2_ws/src/shutter_lineup/install/shutter_lineup/lib/shutter_lineup
[2.218s] writing list of installed files to '/home/eyi3/ros2_ws/src/shutter_lineup/build/shutter_lineup/install.log'
[2.261s] Invoked command in '/home/eyi3/ros2_ws/src/shutter_lineup' returned '0': DEBUGINFOD_URLS=https://debuginfod.ubuntu.com PYTHONPATH=/home/eyi3/ros2_ws/src/shutter_lineup/build/shutter_lineup/prefix_override:/usr/lib/python3/dist-packages/colcon_core/task/python/colcon_distutils_commands:/home/eyi3/ros2_ws/src/shutter_lineup/install/shutter_lineup/lib/python3.12/site-packages:${PYTHONPATH} VIRTUAL_ENV_PROMPT=(.venv) /usr/bin/python3 -W ignore:setup.py install is deprecated -W ignore:easy_install command is deprecated setup.py egg_info --egg-base build/shutter_lineup build --build-base /home/eyi3/ros2_ws/src/shutter_lineup/build/shutter_lineup/build install --record /home/eyi3/ros2_ws/src/shutter_lineup/build/shutter_lineup/install.log --single-version-externally-managed install_data
