[1.243s] Invoking command in '/home/eyi3/ros2_ws/src/shutter_lineup': DEBUGINFOD_URLS=https://debuginfod.ubuntu.com PYTHONPATH=/home/eyi3/ros2_ws/src/shutter_lineup/build/shutter_lineup/prefix_override:/usr/lib/python3/dist-packages/colcon_core/task/python/colcon_distutils_commands:/home/eyi3/ros2_ws/src/shutter_lineup/install/shutter_lineup/lib/python3.12/site-packages:${PYTHONPATH} VIRTUAL_ENV_PROMPT=(.venv) /usr/bin/python3 -W ignore:setup.py install is deprecated -W ignore:easy_install command is deprecated setup.py egg_info --egg-base build/shutter_lineup build --build-base /home/eyi3/ros2_ws/src/shutter_lineup/build/shutter_lineup/build install --record /home/eyi3/ros2_ws/src/shutter_lineup/build/shutter_lineup/install.log --single-version-externally-managed install_data
[1.677s] running egg_info
[1.727s] writing build/shutter_lineup/shutter_lineup.egg-info/PKG-INFO
[1.728s] writing dependency_links to build/shutter_lineup/shutter_lineup.egg-info/dependency_links.txt
[1.728s] writing entry points to build/shutter_lineup/shutter_lineup.egg-info/entry_points.txt
[1.728s] writing requirements to build/shutter_lineup/shutter_lineup.egg-info/requires.txt
[1.728s] writing top-level names to build/shutter_lineup/shutter_lineup.egg-info/top_level.txt
[1.786s] reading manifest file 'build/shutter_lineup/shutter_lineup.egg-info/SOURCES.txt'
[1.787s] writing manifest file 'build/shutter_lineup/shutter_lineup.egg-info/SOURCES.txt'
[1.787s] running build
[1.787s] running build_py
[1.788s] copying shutter_lineup/shutter_lineup_node.py -> /home/eyi3/ros2_ws/src/shutter_lineup/build/shutter_lineup/build/lib/shutter_lineup
[1.788s] running install
[1.795s] running install_lib
[1.827s] copying /home/eyi3/ros2_ws/src/shutter_lineup/build/shutter_lineup/build/lib/shutter_lineup/shutter_lineup_node.py -> /home/eyi3/ros2_ws/src/shutter_lineup/install/shutter_lineup/lib/python3.12/site-packages/shutter_lineup
[1.827s] byte-compiling /home/eyi3/ros2_ws/src/shutter_lineup/install/shutter_lineup/lib/python3.12/site-packages/shutter_lineup/shutter_lineup_node.py to shutter_lineup_node.cpython-312.pyc
[1.829s] running install_data
[1.829s] running install_egg_info
[1.867s] removing '/home/eyi3/ros2_ws/src/shutter_lineup/install/shutter_lineup/lib/python3.12/site-packages/shutter_lineup-0.0.0-py3.12.egg-info' (and everything under it)
[1.867s] Copying build/shutter_lineup/shutter_lineup.egg-info to /home/eyi3/ros2_ws/src/shutter_lineup/install/shutter_lineup/lib/python3.12/site-packages/shutter_lineup-0.0.0-py3.12.egg-info
[1.867s] running install_scripts
[2.095s] Installing lineup_node script to /home/eyi3/ros2_ws/src/shutter_lineup/install/shutter_lineup/lib/shutter_lineup
[2.095s] writing list of installed files to '/home/eyi3/ros2_ws/src/shutter_lineup/build/shutter_lineup/install.log'
[2.138s] Invoked command in '/home/eyi3/ros2_ws/src/shutter_lineup' returned '0': DEBUGINFOD_URLS=https://debuginfod.ubuntu.com PYTHONPATH=/home/eyi3/ros2_ws/src/shutter_lineup/build/shutter_lineup/prefix_override:/usr/lib/python3/dist-packages/colcon_core/task/python/colcon_distutils_commands:/home/eyi3/ros2_ws/src/shutter_lineup/install/shutter_lineup/lib/python3.12/site-packages:${PYTHONPATH} VIRTUAL_ENV_PROMPT=(.venv) /usr/bin/python3 -W ignore:setup.py install is deprecated -W ignore:easy_install command is deprecated setup.py egg_info --egg-base build/shutter_lineup build --build-base /home/eyi3/ros2_ws/src/shutter_lineup/build/shutter_lineup/build install --record /home/eyi3/ros2_ws/src/shutter_lineup/build/shutter_lineup/install.log --single-version-externally-managed install_data
