[1.125s] Invoking command in '/home/eyi3/ros2_ws/src/shutter_lineup': DEBUGINFOD_URLS=https://debuginfod.ubuntu.com PYTHONPATH=/home/eyi3/ros2_ws/src/shutter_lineup/build/shutter_lineup/prefix_override:/usr/lib/python3/dist-packages/colcon_core/task/python/colcon_distutils_commands:/home/eyi3/ros2_ws/src/shutter_lineup/install/shutter_lineup/lib/python3.12/site-packages:${PYTHONPATH} VIRTUAL_ENV_PROMPT=(.venv) /usr/bin/python3 -W ignore:setup.py install is deprecated -W ignore:easy_install command is deprecated setup.py egg_info --egg-base build/shutter_lineup build --build-base /home/eyi3/ros2_ws/src/shutter_lineup/build/shutter_lineup/build install --record /home/eyi3/ros2_ws/src/shutter_lineup/build/shutter_lineup/install.log --single-version-externally-managed install_data
[1.466s] running egg_info
[1.492s] writing build/shutter_lineup/shutter_lineup.egg-info/PKG-INFO
[1.492s] writing dependency_links to build/shutter_lineup/shutter_lineup.egg-info/dependency_links.txt
[1.492s] writing entry points to build/shutter_lineup/shutter_lineup.egg-info/entry_points.txt
[1.492s] writing requirements to build/shutter_lineup/shutter_lineup.egg-info/requires.txt
[1.493s] writing top-level names to build/shutter_lineup/shutter_lineup.egg-info/top_level.txt
[1.558s] reading manifest file 'build/shutter_lineup/shutter_lineup.egg-info/SOURCES.txt'
[1.559s] writing manifest file 'build/shutter_lineup/shutter_lineup.egg-info/SOURCES.txt'
[1.559s] running build
[1.559s] running build_py
[1.559s] copying shutter_lineup/shutter_lineup_node.py -> /home/eyi3/ros2_ws/src/shutter_lineup/build/shutter_lineup/build/lib/shutter_lineup
[1.559s] copying shutter_lineup/virtual_camera.py -> /home/eyi3/ros2_ws/src/shutter_lineup/build/shutter_lineup/build/lib/shutter_lineup
[1.560s] running install
[1.566s] running install_lib
[1.591s] copying /home/eyi3/ros2_ws/src/shutter_lineup/build/shutter_lineup/build/lib/shutter_lineup/shutter_lineup_node.py -> /home/eyi3/ros2_ws/src/shutter_lineup/install/shutter_lineup/lib/python3.12/site-packages/shutter_lineup
[1.591s] copying /home/eyi3/ros2_ws/src/shutter_lineup/build/shutter_lineup/build/lib/shutter_lineup/virtual_camera.py -> /home/eyi3/ros2_ws/src/shutter_lineup/install/shutter_lineup/lib/python3.12/site-packages/shutter_lineup
[1.592s] byte-compiling /home/eyi3/ros2_ws/src/shutter_lineup/install/shutter_lineup/lib/python3.12/site-packages/shutter_lineup/shutter_lineup_node.py to shutter_lineup_node.cpython-312.pyc
[1.593s] byte-compiling /home/eyi3/ros2_ws/src/shutter_lineup/install/shutter_lineup/lib/python3.12/site-packages/shutter_lineup/virtual_camera.py to virtual_camera.cpython-312.pyc
[1.594s]   File "/home/eyi3/ros2_ws/src/shutter_lineup/install/shutter_lineup/lib/python3.12/site-packages/shutter_lineup/virtual_camera.py", line 27
[1.594s]     if 
[1.594s]        ^
[1.594s] SyntaxError: invalid syntax
[1.594s] 
[1.594s] running install_data
[1.594s] running install_egg_info
[1.624s] removing '/home/eyi3/ros2_ws/src/shutter_lineup/install/shutter_lineup/lib/python3.12/site-packages/shutter_lineup-0.0.0-py3.12.egg-info' (and everything under it)
[1.624s] Copying build/shutter_lineup/shutter_lineup.egg-info to /home/eyi3/ros2_ws/src/shutter_lineup/install/shutter_lineup/lib/python3.12/site-packages/shutter_lineup-0.0.0-py3.12.egg-info
[1.625s] running install_scripts
[1.803s] Installing lineup_node script to /home/eyi3/ros2_ws/src/shutter_lineup/install/shutter_lineup/lib/shutter_lineup
[1.803s] Installing virtual_camera script to /home/eyi3/ros2_ws/src/shutter_lineup/install/shutter_lineup/lib/shutter_lineup
[1.803s] writing list of installed files to '/home/eyi3/ros2_ws/src/shutter_lineup/build/shutter_lineup/install.log'
[1.839s] Invoked command in '/home/eyi3/ros2_ws/src/shutter_lineup' returned '0': DEBUGINFOD_URLS=https://debuginfod.ubuntu.com PYTHONPATH=/home/eyi3/ros2_ws/src/shutter_lineup/build/shutter_lineup/prefix_override:/usr/lib/python3/dist-packages/colcon_core/task/python/colcon_distutils_commands:/home/eyi3/ros2_ws/src/shutter_lineup/install/shutter_lineup/lib/python3.12/site-packages:${PYTHONPATH} VIRTUAL_ENV_PROMPT=(.venv) /usr/bin/python3 -W ignore:setup.py install is deprecated -W ignore:easy_install command is deprecated setup.py egg_info --egg-base build/shutter_lineup build --build-base /home/eyi3/ros2_ws/src/shutter_lineup/build/shutter_lineup/build install --record /home/eyi3/ros2_ws/src/shutter_lineup/build/shutter_lineup/install.log --single-version-externally-managed install_data
